# JRE version: Java(TM) SE Runtime Environment (9.0+11) (build 9.0.1+11)
# Java VM: Java HotSpot(TM) 64-Bit Server VM (9.0.1+11, mixed mode, tiered, compressed oops, g1 gc, windows-amd64)
Heap:
 garbage-first heap   total 131072K, used 22251K [0x0000000080c00000, 0x0000000080d00400, 0x0000000100000000)
  region size 1024K, 16 young (16384K), 4 survivors (4096K)
 Metaspace       used 19166K, capacity 19820K, committed 19968K, reserved 1067008K
  class space    used 2148K, capacity 2283K, committed 2304K, reserved 1048576K
GC Heap History (6 events):
Event: 0.577 GC heap before
{Heap before GC invocations=0 (full 0):
 garbage-first heap   total 131072K, used 16384K [0x0000000080c00000, 0x0000000080d00400, 0x0000000100000000)
  region size 1024K, 14 young (14336K), 0 survivors (0K)
 Metaspace       used 11442K, capacity 11714K, committed 11904K, reserved 1060864K
  class space    used 1253K, capacity 1320K, committed 1408K, reserved 1048576K
}
Event: 0.583 GC heap after
{Heap after GC invocations=1 (full 0):
 garbage-first heap   total 131072K, used 5783K [0x0000000080c00000, 0x0000000080d00400, 0x0000000100000000)
  region size 1024K, 2 young (2048K), 2 survivors (2048K)
 Metaspace       used 11442K, capacity 11714K, committed 11904K, reserved 1060864K
  class space    used 1253K, capacity 1320K, committed 1408K, reserved 1048576K
}
Event: 1.016 GC heap before
{Heap before GC invocations=1 (full 0):
 garbage-first heap   total 131072K, used 16023K [0x0000000080c00000, 0x0000000080d00400, 0x0000000100000000)
  region size 1024K, 12 young (12288K), 2 survivors (2048K)
 Metaspace       used 15517K, capacity 15972K, committed 16256K, reserved 1062912K
  class space    used 1754K, capacity 1857K, committed 1920K, reserved 1048576K
}
Event: 1.023 GC heap after
{Heap after GC invocations=2 (full 0):
 garbage-first heap   total 131072K, used 8842K [0x0000000080c00000, 0x0000000080d00400, 0x0000000100000000)
  region size 1024K, 2 young (2048K), 2 survivors (2048K)
 Metaspace       used 15517K, capacity 15972K, committed 16256K, reserved 1062912K
  class space    used 1754K, capacity 1857K, committed 1920K, reserved 1048576K
}
Event: 17.244 GC heap before
{Heap before GC invocations=2 (full 0):
 garbage-first heap   total 131072K, used 33418K [0x0000000080c00000, 0x0000000080d00400, 0x0000000100000000)
  region size 1024K, 26 young (26624K), 2 survivors (2048K)
 Metaspace       used 19145K, capacity 19820K, committed 19968K, reserved 1067008K
  class space    used 2148K, capacity 2283K, committed 2304K, reserved 1048576K
}
Event: 17.251 GC heap after
{Heap after GC invocations=3 (full 0):
 garbage-first heap   total 131072K, used 10987K [0x0000000080c00000, 0x0000000080d00400, 0x0000000100000000)
  region size 1024K, 4 young (4096K), 4 survivors (4096K)
 Metaspace       used 19145K, capacity 19820K, committed 19968K, reserved 1067008K
  class space    used 2148K, capacity 2283K, committed 2304K, reserved 1048576K
}

