# JRE version: Java(TM) SE Runtime Environment (9.0+11) (build 9.0.1+11)
# Java VM: Java HotSpot(TM) 64-Bit Server VM (9.0.1+11, mixed mode, tiered, compressed oops, g1 gc, windows-amd64)
Heap:
 garbage-first heap   total 131072K, used 51847K [0x0000000080c00000, 0x0000000080d00400, 0x0000000100000000)
  region size 1024K, 45 young (46080K), 4 survivors (4096K)
 Metaspace       used 19207K, capacity 19936K, committed 19968K, reserved 1067008K
  class space    used 2158K, capacity 2293K, committed 2304K, reserved 1048576K
GC Heap History (10 events):
Event: 125.151 GC heap before
{Heap before GC invocations=6 (full 0):
 garbage-first heap   total 131072K, used 84467K [0x0000000080c00000, 0x0000000080d00400, 0x0000000100000000)
  region size 1024K, 76 young (77824K), 3 survivors (3072K)
 Metaspace       used 19168K, capacity 19872K, committed 19968K, reserved 1067008K
  class space    used 2158K, capacity 2293K, committed 2304K, reserved 1048576K
}
Event: 125.156 GC heap after
{Heap after GC invocations=7 (full 0):
 garbage-first heap   total 131072K, used 9743K [0x0000000080c00000, 0x0000000080d00400, 0x0000000100000000)
  region size 1024K, 3 young (3072K), 3 survivors (3072K)
 Metaspace       used 19168K, capacity 19872K, committed 19968K, reserved 1067008K
  class space    used 2158K, capacity 2293K, committed 2304K, reserved 1048576K
}
Event: 128.242 GC heap before
{Heap before GC invocations=7 (full 0):
 garbage-first heap   total 131072K, used 84495K [0x0000000080c00000, 0x0000000080d00400, 0x0000000100000000)
  region size 1024K, 76 young (77824K), 3 survivors (3072K)
 Metaspace       used 19169K, capacity 19872K, committed 19968K, reserved 1067008K
  class space    used 2158K, capacity 2293K, committed 2304K, reserved 1048576K
}
Event: 128.246 GC heap after
{Heap after GC invocations=8 (full 0):
 garbage-first heap   total 131072K, used 9769K [0x0000000080c00000, 0x0000000080d00400, 0x0000000100000000)
  region size 1024K, 3 young (3072K), 3 survivors (3072K)
 Metaspace       used 19169K, capacity 19872K, committed 19968K, reserved 1067008K
  class space    used 2158K, capacity 2293K, committed 2304K, reserved 1048576K
}
Event: 135.518 GC heap before
{Heap before GC invocations=8 (full 0):
 garbage-first heap   total 131072K, used 84521K [0x0000000080c00000, 0x0000000080d00400, 0x0000000100000000)
  region size 1024K, 76 young (77824K), 3 survivors (3072K)
 Metaspace       used 19204K, capacity 19936K, committed 19968K, reserved 1067008K
  class space    used 2158K, capacity 2293K, committed 2304K, reserved 1048576K
}
Event: 135.524 GC heap after
{Heap after GC invocations=9 (full 0):
 garbage-first heap   total 131072K, used 10800K [0x0000000080c00000, 0x0000000080d00400, 0x0000000100000000)
  region size 1024K, 4 young (4096K), 4 survivors (4096K)
 Metaspace       used 19204K, capacity 19936K, committed 19968K, reserved 1067008K
  class space    used 2158K, capacity 2293K, committed 2304K, reserved 1048576K
}
Event: 139.159 GC heap before
{Heap before GC invocations=9 (full 0):
 garbage-first heap   total 131072K, used 84528K [0x0000000080c00000, 0x0000000080d00400, 0x0000000100000000)
  region size 1024K, 76 young (77824K), 4 survivors (4096K)
 Metaspace       used 19205K, capacity 19936K, committed 19968K, reserved 1067008K
  class space    used 2158K, capacity 2293K, committed 2304K, reserved 1048576K
}
Event: 139.166 GC heap after
{Heap after GC invocations=10 (full 0):
 garbage-first heap   total 131072K, used 10724K [0x0000000080c00000, 0x0000000080d00400, 0x0000000100000000)
  region size 1024K, 4 young (4096K), 4 survivors (4096K)
 Metaspace       used 19205K, capacity 19936K, committed 19968K, reserved 1067008K
  class space    used 2158K, capacity 2293K, committed 2304K, reserved 1048576K
}
Event: 142.549 GC heap before
{Heap before GC invocations=10 (full 0):
 garbage-first heap   total 131072K, used 84452K [0x0000000080c00000, 0x0000000080d00400, 0x0000000100000000)
  region size 1024K, 76 young (77824K), 4 survivors (4096K)
 Metaspace       used 19206K, capacity 19936K, committed 19968K, reserved 1067008K
  class space    used 2158K, capacity 2293K, committed 2304K, reserved 1048576K
}
Event: 142.555 GC heap after
{Heap after GC invocations=11 (full 0):
 garbage-first heap   total 131072K, used 10887K [0x0000000080c00000, 0x0000000080d00400, 0x0000000100000000)
  region size 1024K, 4 young (4096K), 4 survivors (4096K)
 Metaspace       used 19206K, capacity 19936K, committed 19968K, reserved 1067008K
  class space    used 2158K, capacity 2293K, committed 2304K, reserved 1048576K
}

